-------------------------------------------------------------------------------
Test set: testingCourse.CoffeeMaker.CoffeeMakerTest
-------------------------------------------------------------------------------
Tests run: 8, Failures: 3, Errors: 0, Skipped: 0, Time elapsed: 0.04 s <<< FAILURE! - in testingCourse.CoffeeMaker.CoffeeMakerTest
AddInventory  Time elapsed: 0.029 s  <<< FAILURE!
org.opentest4j.AssertionFailedError: expected: <false> but was: <true>
	at testingCourse.CoffeeMaker.CoffeeMakerTest.AddInventory(CoffeeMakerTest.java:104)

EditRecipe  Time elapsed: 0.001 s  <<< FAILURE!
org.opentest4j.AssertionFailedError: expected: <true> but was: <false>
	at testingCourse.CoffeeMaker.CoffeeMakerTest.EditRecipe(CoffeeMakerTest.java:85)

AddRecipe  Time elapsed: 0.001 s  <<< FAILURE!
org.opentest4j.AssertionFailedError: expected: <false> but was: <true>
	at testingCourse.CoffeeMaker.CoffeeMakerTest.AddRecipe(CoffeeMakerTest.java:72)

