<?xml version="1.0" encoding="UTF-8"?>
<testsuite xmlns:xsi="http://www.w3.org/2001/XMLSchema-instance" xsi:noNamespaceSchemaLocation="https://maven.apache.org/surefire/maven-surefire-plugin/xsd/surefire-test-report.xsd" name="testingCourse.CoffeeMaker.InventoryTest" time="0.001" tests="11" errors="0" skipped="0" failures="0">
  <properties>
[...]
</properties>
  <testcase name="GetCoffee" classname="testingCourse.CoffeeMaker.InventoryTest" time="0"/>
  <testcase name="SetCoffeeNeg" classname="testingCourse.CoffeeMaker.InventoryTest" time="0"/>
  <testcase name="ToString" classname="testingCourse.CoffeeMaker.InventoryTest" time="0"/>
  <testcase name="EnoughIngredients" classname="testingCourse.CoffeeMaker.InventoryTest" time="0"/>
  <testcase name="SetMilk" classname="testingCourse.CoffeeMaker.InventoryTest" time="0"/>
  <testcase name="Inventory" classname="testingCourse.CoffeeMaker.InventoryTest" time="0"/>
  <testcase name="SetSugar" classname="testingCourse.CoffeeMaker.InventoryTest" time="0"/>
  <testcase name="GetMilk" classname="testingCourse.CoffeeMaker.InventoryTest" time="0"/>
  <testcase name="SetSugarNeg" classname="testingCourse.CoffeeMaker.InventoryTest" time="0"/>
  <testcase name="GetSugar" classname="testingCourse.CoffeeMaker.InventoryTest" time="0"/>
  <testcase name="SetCoffee" classname="testingCourse.CoffeeMaker.InventoryTest" time="0"/>
</testsuite>